<?xml version="1.0" encoding="UTF-8"?>
<testng-results skipped="0" failed="0" ignored="0" total="1" passed="1">
  <reporter-output>
  </reporter-output>
  <suite name="Default suite" duration-ms="21563" started-at="2019-06-17T07:42:53Z" finished-at="2019-06-17T07:43:14Z">
    <groups>
    </groups>
    <test name="Default test" duration-ms="21563" started-at="2019-06-17T07:42:53Z" finished-at="2019-06-17T07:43:14Z">
      <class name="FlightBookTest">
        <test-method status="PASS" signature="testForAOneWayJourney()[pri:0, instance:FlightBookTest@7f9a81e8]" name="testForAOneWayJourney" duration-ms="21500" started-at="2019-06-17T07:42:53Z" finished-at="2019-06-17T07:43:14Z">
          <reporter-output>
          </reporter-output>
        </test-method> <!-- testForAOneWayJourney -->
      </class> <!-- FlightBookTest -->
    </test> <!-- Default test -->
  </suite> <!-- Default suite -->
</testng-results>
